<?xml version="1.0" encoding="UTF-8" ?>
<testsuite errors="0" failures="0" hostname="IND-MHP1LW72004" name="VerifyRanorexApp" skipped="0" tests="2" time="15.478" timestamp="2016-03-25T17:10:07">
  <properties>
[...]
</properties>
  <testcase classname="VerifyRanorexApp" name="verifyAddRanorexUserNegative" time="2.532" />
  <testcase classname="VerifyRanorexApp" name="verifyAddRanorexUser" time="2.564" />
  <system-out><![CDATA[]]></system-out>
  <system-err><![CDATA[]]></system-err>
</testsuite>
